<?xml version="1.0" encoding="UTF-8"?>
<!-- Generated by org.testng.reporters.JUnitXMLReporter -->
<testsuite hostname="LAPTOP-UE81SBM0" ignored="1" name="测试" tests="27" failures="0" timestamp="2022-03-14T17:59:26 CST" time="11.715" errors="0">
  <testcase name="register" time="0.757" classname="com.lemon.testcases.RegisterTest"/>
  <testcase name="register" time="0.256" classname="com.lemon.testcases.RegisterTest"/>
  <testcase name="register" time="0.264" classname="com.lemon.testcases.RegisterTest"/>
  <testcase name="register" time="0.153" classname="com.lemon.testcases.RegisterTest"/>
  <testcase name="register" time="0.144" classname="com.lemon.testcases.RegisterTest"/>
  <testcase name="register" time="0.131" classname="com.lemon.testcases.RegisterTest"/>
  <testcase name="register" time="0.137" classname="com.lemon.testcases.RegisterTest"/>
  <testcase name="register" time="0.138" classname="com.lemon.testcases.RegisterTest"/>
  <testcase name="register" time="0.199" classname="com.lemon.testcases.RegisterTest"/>
  <testcase name="register" time="0.142" classname="com.lemon.testcases.RegisterTest"/>
  <testcase name="register" time="0.136" classname="com.lemon.testcases.RegisterTest"/>
  <testcase name="register" time="0.134" classname="com.lemon.testcases.RegisterTest"/>
  <testcase name="register" time="0.126" classname="com.lemon.testcases.RegisterTest"/>
  <testcase name="register" time="0.117" classname="com.lemon.testcases.RegisterTest"/>
  <testcase name="Login" time="0.226" classname="com.lemon.testcases.LoginTest"/>
  <testcase name="Login" time="0.123" classname="com.lemon.testcases.LoginTest"/>
  <testcase name="Login" time="0.137" classname="com.lemon.testcases.LoginTest"/>
  <testcase name="Login" time="0.13" classname="com.lemon.testcases.LoginTest"/>
  <testcase name="Login" time="0.139" classname="com.lemon.testcases.LoginTest"/>
  <testcase name="Login" time="0.139" classname="com.lemon.testcases.LoginTest"/>
  <testcase name="Login" time="0.201" classname="com.lemon.testcases.LoginTest"/>
  <testcase name="Login" time="0.134" classname="com.lemon.testcases.LoginTest"/>
  <testcase name="Login" time="0.128" classname="com.lemon.testcases.LoginTest"/>
  <testcase name="Login" time="0.195" classname="com.lemon.testcases.LoginTest"/>
  <testcase name="Login" time="0.194" classname="com.lemon.testcases.LoginTest"/>
  <testcase name="Login" time="0.194" classname="com.lemon.testcases.LoginTest"/>
  <testcase name="Login" time="0.194" classname="com.lemon.testcases.LoginTest"/>
  <testcase name="@BeforeSuite beforeSuite" time="0.0" classname="com.lemon.common.BaseTest">
    <ignored/>
  </testcase> <!-- @BeforeSuite beforeSuite -->
</testsuite> <!-- 测试 -->
