<?xml version="1.0" encoding="UTF-8"?>
<testsuite xmlns:xsi="http://www.w3.org/2001/XMLSchema-instance" xsi:noNamespaceSchemaLocation="https://maven.apache.org/surefire/maven-surefire-plugin/xsd/surefire-test-report.xsd" name="TestSuite" time="13.992" tests="27" errors="0" skipped="0" failures="0">
  <properties>
[...]
</properties>
  <testcase name="register" classname="com.lemon.testcases.RegisterTest" time="0.804"/>
  <testcase name="register" classname="com.lemon.testcases.RegisterTest" time="0.257"/>
  <testcase name="register" classname="com.lemon.testcases.RegisterTest" time="0.263"/>
  <testcase name="register" classname="com.lemon.testcases.RegisterTest" time="0.154"/>
  <testcase name="register" classname="com.lemon.testcases.RegisterTest" time="0.144"/>
  <testcase name="register" classname="com.lemon.testcases.RegisterTest" time="0.131"/>
  <testcase name="register" classname="com.lemon.testcases.RegisterTest" time="0.138"/>
  <testcase name="register" classname="com.lemon.testcases.RegisterTest" time="0.137"/>
  <testcase name="register" classname="com.lemon.testcases.RegisterTest" time="0.199"/>
  <testcase name="register" classname="com.lemon.testcases.RegisterTest" time="0.143"/>
  <testcase name="register" classname="com.lemon.testcases.RegisterTest" time="0.137"/>
  <testcase name="register" classname="com.lemon.testcases.RegisterTest" time="0.134"/>
  <testcase name="register" classname="com.lemon.testcases.RegisterTest" time="0.127"/>
  <testcase name="register" classname="com.lemon.testcases.RegisterTest" time="0.117"/>
  <testcase name="Login" classname="com.lemon.testcases.LoginTest" time="0.227"/>
  <testcase name="Login" classname="com.lemon.testcases.LoginTest" time="0.125"/>
  <testcase name="Login" classname="com.lemon.testcases.LoginTest" time="0.138"/>
  <testcase name="Login" classname="com.lemon.testcases.LoginTest" time="0.131"/>
  <testcase name="Login" classname="com.lemon.testcases.LoginTest" time="0.139"/>
  <testcase name="Login" classname="com.lemon.testcases.LoginTest" time="0.14"/>
  <testcase name="Login" classname="com.lemon.testcases.LoginTest" time="0.202"/>
  <testcase name="Login" classname="com.lemon.testcases.LoginTest" time="0.134"/>
  <testcase name="Login" classname="com.lemon.testcases.LoginTest" time="0.128"/>
  <testcase name="Login" classname="com.lemon.testcases.LoginTest" time="0.194"/>
  <testcase name="Login" classname="com.lemon.testcases.LoginTest" time="0.195"/>
  <testcase name="Login" classname="com.lemon.testcases.LoginTest" time="0.195"/>
  <testcase name="Login" classname="com.lemon.testcases.LoginTest" time="0.196"/>
</testsuite>